<?xml version="1.0" encoding="UTF-8"?>
<testng-results ignored="0" total="1" passed="1" failed="0" skipped="0">
  <reporter-output>
  </reporter-output>
  <suite started-at="2023-11-19T18:38:15 IST" name="Default suite" finished-at="2023-11-19T18:39:17 IST" duration-ms="61785">
    <groups>
    </groups>
    <test started-at="2023-11-19T18:38:15 IST" name="Default test" finished-at="2023-11-19T18:39:17 IST" duration-ms="61785">
      <class name="TestCasePackage.BigBasket">
        <test-method is-config="true" signature="setUP()[pri:0, instance:TestCasePackage.BigBasket@793be5ca]" started-at="2023-11-19T18:38:15 IST" name="setUP" finished-at="2023-11-19T18:38:44 IST" duration-ms="29071" status="PASS">
          <reporter-output>
          </reporter-output>
        </test-method> <!-- setUP -->
        <test-method signature="openBigBasket()[pri:0, instance:TestCasePackage.BigBasket@793be5ca]" started-at="2023-11-19T18:38:44 IST" name="openBigBasket" finished-at="2023-11-19T18:39:17 IST" duration-ms="32606" status="PASS">
          <reporter-output>
          </reporter-output>
        </test-method> <!-- openBigBasket -->
      </class> <!-- TestCasePackage.BigBasket -->
    </test> <!-- Default test -->
  </suite> <!-- Default suite -->
</testng-results>
